2019-06-16 05:19:33: -- 分析开始 User Command
2019-06-16 05:19:33: 左侧: State file does not exist: C:/Users/sprat/OneDrive - cug.edu.cn/raydied4.github.io/public/_gsdata_/_file_state_v4._gs
2019-06-16 05:19:33: 变更：191， 冲突：0， 复制时间：0， 复制状态：106， 错误： 0, All: 298
2019-06-16 05:19:33: Left to Right: Copy File: 191 
2019-06-16 05:19:33: -- 分析已结束。历时 00:00:00, 速度： Many 文件/秒
2019-06-16 05:19:33: 
2019-06-16 05:20:02: == 同步开始由 User Command
2019-06-16 05:20:02: 创建文件夹 'C:/jspub/archives/2019/page'
2019-06-16 05:20:02: 创建文件夹 'C:/jspub/archives/2019/page/2'
2019-06-16 05:20:02: 创建文件夹 'C:/jspub/archives/page/4'
2019-06-16 05:20:02: 创建文件夹 'C:/jspub/Experience/Hexo/No_url_found_for_submodule'
2019-06-16 05:20:02: 创建文件夹 'C:/jspub/page/4'
2019-06-16 05:20:02: 创建文件夹 'C:/jspub/pdf'
2019-06-16 05:20:02: 覆盖复制 'C:/Users/sprat/OneDrive - cug.edu.cn/raydied4.github.io/public/404.html' -> 'C:/jspub/404.html' (28,351)
2019-06-16 05:20:02: 覆盖复制 'C:/Users/sprat/OneDrive - cug.edu.cn/raydied4.github.io/public/about/index.html' -> 'C:/jspub/about/index.html' (34,333)
2019-06-16 05:20:02: 覆盖复制 'C:/Users/sprat/OneDrive - cug.edu.cn/raydied4.github.io/public/archives/2018/04/index.html' -> 'C:/jspub/archives/2018/04/index.html' (27,951)
2019-06-16 05:20:02: 覆盖复制 'C:/Users/sprat/OneDrive - cug.edu.cn/raydied4.github.io/public/archives/2018/08/index.html' -> 'C:/jspub/archives/2018/08/index.html' (27,972)
2019-06-16 05:20:02: 覆盖复制 'C:/Users/sprat/OneDrive - cug.edu.cn/raydied4.github.io/public/archives/2018/09/index.html' -> 'C:/jspub/archives/2018/09/index.html' (27,556)
2019-06-16 05:20:02: 覆盖复制 'C:/Users/sprat/OneDrive - cug.edu.cn/raydied4.github.io/public/archives/2018/10/index.html' -> 'C:/jspub/archives/2018/10/index.html' (28,858)
2019-06-16 05:20:02: 覆盖复制 'C:/Users/sprat/OneDrive - cug.edu.cn/raydied4.github.io/public/archives/2018/11/index.html' -> 'C:/jspub/archives/2018/11/index.html' (27,541)
2019-06-16 05:20:02: 覆盖复制 'C:/Users/sprat/OneDrive - cug.edu.cn/raydied4.github.io/public/archives/2018/12/index.html' -> 'C:/jspub/archives/2018/12/index.html' (27,977)
2019-06-16 05:20:02: 覆盖复制 'C:/Users/sprat/OneDrive - cug.edu.cn/raydied4.github.io/public/archives/2018/index.html' -> 'C:/jspub/archives/2018/index.html' (29,978)
2019-06-16 05:20:02: 覆盖复制 'C:/Users/sprat/OneDrive - cug.edu.cn/raydied4.github.io/public/archives/2018/page/2/index.html' -> 'C:/jspub/archives/2018/page/2/index.html' (29,954)
2019-06-16 05:20:02: 覆盖复制 'C:/Users/sprat/OneDrive - cug.edu.cn/raydied4.github.io/public/archives/2019/03/index.html' -> 'C:/jspub/archives/2019/03/index.html' (27,989)
2019-06-16 05:20:02: 覆盖复制 'C:/Users/sprat/OneDrive - cug.edu.cn/raydied4.github.io/public/archives/2019/04/index.html' -> 'C:/jspub/archives/2019/04/index.html' (27,549)
2019-06-16 05:20:02: 覆盖复制 'C:/Users/sprat/OneDrive - cug.edu.cn/raydied4.github.io/public/archives/2019/06/index.html' -> 'C:/jspub/archives/2019/06/index.html' (28,956)
2019-06-16 05:20:02: 覆盖复制 'C:/Users/sprat/OneDrive - cug.edu.cn/raydied4.github.io/public/archives/2019/index.html' -> 'C:/jspub/archives/2019/index.html' (30,102)
2019-06-16 05:20:02: 新建复制 'C:/Users/sprat/OneDrive - cug.edu.cn/raydied4.github.io/public/archives/2019/page/2/index.html' -> 'C:/jspub/archives/2019/page/2/index.html' (27,784)
2019-06-16 05:20:02: 覆盖复制 'C:/Users/sprat/OneDrive - cug.edu.cn/raydied4.github.io/public/archives/index.html' -> 'C:/jspub/archives/index.html' (30,165)
2019-06-16 05:20:02: 覆盖复制 'C:/Users/sprat/OneDrive - cug.edu.cn/raydied4.github.io/public/archives/page/2/index.html' -> 'C:/jspub/archives/page/2/index.html' (30,269)
2019-06-16 05:20:02: 覆盖复制 'C:/Users/sprat/OneDrive - cug.edu.cn/raydied4.github.io/public/archives/page/3/index.html' -> 'C:/jspub/archives/page/3/index.html' (30,178)
2019-06-16 05:20:02: 新建复制 'C:/Users/sprat/OneDrive - cug.edu.cn/raydied4.github.io/public/archives/page/4/index.html' -> 'C:/jspub/archives/page/4/index.html' (27,846)
2019-06-16 05:20:03: 覆盖复制 'C:/Users/sprat/OneDrive - cug.edu.cn/raydied4.github.io/public/baidu_urls.txt' -> 'C:/jspub/baidu_urls.txt' (267)
2019-06-16 05:20:03: 覆盖复制 'C:/Users/sprat/OneDrive - cug.edu.cn/raydied4.github.io/public/baidu_verify_yRXCTJ73Dn.html' -> 'C:/jspub/baidu_verify_yRXCTJ73Dn.html' (10)
2019-06-16 05:20:03: 覆盖复制 'C:/Users/sprat/OneDrive - cug.edu.cn/raydied4.github.io/public/baidusitemap.xml' -> 'C:/jspub/baidusitemap.xml' (2,322)
2019-06-16 05:20:03: 覆盖复制 'C:/Users/sprat/OneDrive - cug.edu.cn/raydied4.github.io/public/BingSiteAuth.xml' -> 'C:/jspub/BingSiteAuth.xml' (85)
2019-06-16 05:20:03: 覆盖复制 'C:/Users/sprat/OneDrive - cug.edu.cn/raydied4.github.io/public/categories/Code/index.html' -> 'C:/jspub/categories/Code/index.html' (27,026)
2019-06-16 05:20:03: 覆盖复制 'C:/Users/sprat/OneDrive - cug.edu.cn/raydied4.github.io/public/categories/Code/VBA/index.html' -> 'C:/jspub/categories/Code/VBA/index.html' (27,032)
2019-06-16 05:20:03: 覆盖复制 'C:/Users/sprat/OneDrive - cug.edu.cn/raydied4.github.io/public/categories/Experience/Hexo/index.html' -> 'C:/jspub/categories/Experience/Hexo/index.html' (28,899)
2019-06-16 05:20:03: 覆盖复制 'C:/Users/sprat/OneDrive - cug.edu.cn/raydied4.github.io/public/categories/Experience/index.html' -> 'C:/jspub/categories/Experience/index.html' (29,635)
2019-06-16 05:20:03: 覆盖复制 'C:/Users/sprat/OneDrive - cug.edu.cn/raydied4.github.io/public/categories/Experience/page/2/index.html' -> 'C:/jspub/categories/Experience/page/2/index.html' (27,775)
2019-06-16 05:20:03: 覆盖复制 'C:/Users/sprat/OneDrive - cug.edu.cn/raydied4.github.io/public/categories/Experience/Soft/index.html' -> 'C:/jspub/categories/Experience/Soft/index.html' (27,967)
2019-06-16 05:20:03: 覆盖复制 'C:/Users/sprat/OneDrive - cug.edu.cn/raydied4.github.io/public/categories/Finance/index.html' -> 'C:/jspub/categories/Finance/index.html' (27,040)
2019-06-16 05:20:03: 覆盖复制 'C:/Users/sprat/OneDrive - cug.edu.cn/raydied4.github.io/public/categories/Hexo/Experience/index.html' -> 'C:/jspub/categories/Hexo/Experience/index.html' (28,421)
2019-06-16 05:20:03: 覆盖复制 'C:/Users/sprat/OneDrive - cug.edu.cn/raydied4.github.io/public/categories/Hexo/Free/index.html' -> 'C:/jspub/categories/Hexo/Free/index.html' (27,042)
2019-06-16 05:20:03: 覆盖复制 'C:/Users/sprat/OneDrive - cug.edu.cn/raydied4.github.io/public/categories/Hexo/index.html' -> 'C:/jspub/categories/Hexo/index.html' (29,239)
2019-06-16 05:20:03: 覆盖复制 'C:/Users/sprat/OneDrive - cug.edu.cn/raydied4.github.io/public/categories/index.html' -> 'C:/jspub/categories/index.html' (28,625)
2019-06-16 05:20:03: 覆盖复制 'C:/Users/sprat/OneDrive - cug.edu.cn/raydied4.github.io/public/categories/Writing/index.html' -> 'C:/jspub/categories/Writing/index.html' (27,895)
2019-06-16 05:20:03: 覆盖复制 'C:/Users/sprat/OneDrive - cug.edu.cn/raydied4.github.io/public/CNAME' -> 'C:/jspub/CNAME' (11)
2019-06-16 05:20:03: 覆盖复制 'C:/Users/sprat/OneDrive - cug.edu.cn/raydied4.github.io/public/Code/VBA/VBA_grammar/index.html' -> 'C:/jspub/Code/VBA/VBA_grammar/index.html' (33,148)
2019-06-16 05:20:03: 覆盖复制 'C:/Users/sprat/OneDrive - cug.edu.cn/raydied4.github.io/public/css/blog-encrypt.css' -> 'C:/jspub/css/blog-encrypt.css' (1,460)
2019-06-16 05:20:03: 覆盖复制 'C:/Users/sprat/OneDrive - cug.edu.cn/raydied4.github.io/public/css/main.css' -> 'C:/jspub/css/main.css' (44,207)
2019-06-16 05:20:03: 覆盖复制 'C:/Users/sprat/OneDrive - cug.edu.cn/raydied4.github.io/public/Dynamo/imgs/01.gif' -> 'C:/jspub/Dynamo/imgs/01.gif' (682,350)
2019-06-16 05:20:03: 覆盖复制 'C:/Users/sprat/OneDrive - cug.edu.cn/raydied4.github.io/public/Dynamo/imgs/02.gif' -> 'C:/jspub/Dynamo/imgs/02.gif' (1,082,883)
2019-06-16 05:20:03: 覆盖复制 'C:/Users/sprat/OneDrive - cug.edu.cn/raydied4.github.io/public/Dynamo/imgs/03.gif' -> 'C:/jspub/Dynamo/imgs/03.gif' (425,127)
2019-06-16 05:20:03: 覆盖复制 'C:/Users/sprat/OneDrive - cug.edu.cn/raydied4.github.io/public/Dynamo/imgs/2.gif' -> 'C:/jspub/Dynamo/imgs/2.gif' (693,551)
2019-06-16 05:20:03: 覆盖复制 'C:/Users/sprat/OneDrive - cug.edu.cn/raydied4.github.io/public/Dynamo/index.html' -> 'C:/jspub/Dynamo/index.html' (8,228,550)
2019-06-16 05:20:03: 覆盖复制 'C:/Users/sprat/OneDrive - cug.edu.cn/raydied4.github.io/public/Experience/Hexo/choice_gitalk/index.html' -> 'C:/jspub/Experience/Hexo/choice_gitalk/index.html' (35,935)
2019-06-16 05:20:03: 覆盖复制 'C:/Users/sprat/OneDrive - cug.edu.cn/raydied4.github.io/public/Experience/Hexo/kill_redirect_301/index.html' -> 'C:/jspub/Experience/Hexo/kill_redirect_301/index.html' (35,956)
2019-06-16 05:20:03: 新建复制 'C:/Users/sprat/OneDrive - cug.edu.cn/raydied4.github.io/public/Experience/Hexo/No_url_found_for_submodule/index.html' -> 'C:/jspub/Experience/Hexo/No_url_found_for_submodule/index.html' (36,454)
2019-06-16 05:20:03: 覆盖复制 'C:/Users/sprat/OneDrive - cug.edu.cn/raydied4.github.io/public/Experience/Hexo/restore_rebuild/index.html' -> 'C:/jspub/Experience/Hexo/restore_rebuild/index.html' (42,688)
2019-06-16 05:20:03: 覆盖复制 'C:/Users/sprat/OneDrive - cug.edu.cn/raydied4.github.io/public/Experience/Hexo/shell_diagram/index.html' -> 'C:/jspub/Experience/Hexo/shell_diagram/index.html' (35,678)
2019-06-16 05:20:03: 覆盖复制 'C:/Users/sprat/OneDrive - cug.edu.cn/raydied4.github.io/public/Experience/Soft/cmd_del_bug/index.html' -> 'C:/jspub/Experience/Soft/cmd_del_bug/index.html' (36,461)
2019-06-16 05:20:03: 覆盖复制 'C:/Users/sprat/OneDrive - cug.edu.cn/raydied4.github.io/public/Experience/Soft/MindManager2019/index.html' -> 'C:/jspub/Experience/Soft/MindManager2019/index.html' (34,677)
2019-06-16 05:20:03: 覆盖复制 'C:/Users/sprat/OneDrive - cug.edu.cn/raydied4.github.io/public/Experience/Soft/Native_Android/index.html' -> 'C:/jspub/Experience/Soft/Native_Android/index.html' (36,795)
2019-06-16 05:20:03: 覆盖复制 'C:/Users/sprat/OneDrive - cug.edu.cn/raydied4.github.io/public/Finance/Finance_nature/index.html' -> 'C:/jspub/Finance/Finance_nature/index.html' (40,848)
2019-06-16 05:20:03: 覆盖复制 'C:/Users/sprat/OneDrive - cug.edu.cn/raydied4.github.io/public/google4c9cdda3981243fc.html' -> 'C:/jspub/google4c9cdda3981243fc.html' (53)
2019-06-16 05:20:03: 覆盖复制 'C:/Users/sprat/OneDrive - cug.edu.cn/raydied4.github.io/public/Hexo/Experience/backup_sync_blog/index.html' -> 'C:/jspub/Hexo/Experience/backup_sync_blog/index.html' (59,679)
2019-06-16 05:20:03: 覆盖复制 'C:/Users/sprat/OneDrive - cug.edu.cn/raydied4.github.io/public/Hexo/Experience/gulp4_express_blog/index.html' -> 'C:/jspub/Hexo/Experience/gulp4_express_blog/index.html' (37,161)
2019-06-16 05:20:03: 覆盖复制 'C:/Users/sprat/OneDrive - cug.edu.cn/raydied4.github.io/public/Hexo/Experience/optimize_blog/index.html' -> 'C:/jspub/Hexo/Experience/optimize_blog/index.html' (34,364)
2019-06-16 05:20:03: 覆盖复制 'C:/Users/sprat/OneDrive - cug.edu.cn/raydied4.github.io/public/Hexo/Experience/test4encrypt/index.html' -> 'C:/jspub/Hexo/Experience/test4encrypt/index.html' (35,391)
2019-06-16 05:20:03: 覆盖复制 'C:/Users/sprat/OneDrive - cug.edu.cn/raydied4.github.io/public/Hexo/Free/sayno2free/index.html' -> 'C:/jspub/Hexo/Free/sayno2free/index.html' (36,163)
2019-06-16 05:20:03: 覆盖复制 'C:/Users/sprat/OneDrive - cug.edu.cn/raydied4.github.io/public/Hexo/hello_world/index.html' -> 'C:/jspub/Hexo/hello_world/index.html' (36,682)
2019-06-16 05:20:03: 覆盖复制 'C:/Users/sprat/OneDrive - cug.edu.cn/raydied4.github.io/public/images/404.png' -> 'C:/jspub/images/404.png' (25,380)
2019-06-16 05:20:03: 覆盖复制 'C:/Users/sprat/OneDrive - cug.edu.cn/raydied4.github.io/public/images/algolia_logo.svg' -> 'C:/jspub/images/algolia_logo.svg' (4,410)
2019-06-16 05:20:03: 覆盖复制 'C:/Users/sprat/OneDrive - cug.edu.cn/raydied4.github.io/public/images/alipay.jpg' -> 'C:/jspub/images/alipay.jpg' (61,232)
2019-06-16 05:20:03: 覆盖复制 'C:/Users/sprat/OneDrive - cug.edu.cn/raydied4.github.io/public/images/apple-touch-icon-next.png' -> 'C:/jspub/images/apple-touch-icon-next.png' (3,229)
2019-06-16 05:20:03: 覆盖复制 'C:/Users/sprat/OneDrive - cug.edu.cn/raydied4.github.io/public/images/avatar.gif' -> 'C:/jspub/images/avatar.gif' (1,793)
2019-06-16 05:20:03: 覆盖复制 'C:/Users/sprat/OneDrive - cug.edu.cn/raydied4.github.io/public/images/beian.png' -> 'C:/jspub/images/beian.png' (857)
2019-06-16 05:20:03: 覆盖复制 'C:/Users/sprat/OneDrive - cug.edu.cn/raydied4.github.io/public/images/cc-by-nc-nd.svg' -> 'C:/jspub/images/cc-by-nc-nd.svg' (11,043)
2019-06-16 05:20:03: 覆盖复制 'C:/Users/sprat/OneDrive - cug.edu.cn/raydied4.github.io/public/images/cc-by-nc-sa.svg' -> 'C:/jspub/images/cc-by-nc-sa.svg' (11,780)
2019-06-16 05:20:03: 覆盖复制 'C:/Users/sprat/OneDrive - cug.edu.cn/raydied4.github.io/public/images/cc-by-nc.svg' -> 'C:/jspub/images/cc-by-nc.svg' (9,794)
2019-06-16 05:20:03: 覆盖复制 'C:/Users/sprat/OneDrive - cug.edu.cn/raydied4.github.io/public/images/cc-by-nd.svg' -> 'C:/jspub/images/cc-by-nd.svg' (9,500)
2019-06-16 05:20:03: 覆盖复制 'C:/Users/sprat/OneDrive - cug.edu.cn/raydied4.github.io/public/images/cc-by-sa.svg' -> 'C:/jspub/images/cc-by-sa.svg' (10,382)
2019-06-16 05:20:03: 覆盖复制 'C:/Users/sprat/OneDrive - cug.edu.cn/raydied4.github.io/public/images/cc-by.svg' -> 'C:/jspub/images/cc-by.svg' (8,400)
2019-06-16 05:20:03: 覆盖复制 'C:/Users/sprat/OneDrive - cug.edu.cn/raydied4.github.io/public/images/cc-zero.svg' -> 'C:/jspub/images/cc-zero.svg' (6,287)
2019-06-16 05:20:03: 覆盖复制 'C:/Users/sprat/OneDrive - cug.edu.cn/raydied4.github.io/public/images/favicon-16x16-next.png' -> 'C:/jspub/images/favicon-16x16-next.png' (628)
2019-06-16 05:20:03: 覆盖复制 'C:/Users/sprat/OneDrive - cug.edu.cn/raydied4.github.io/public/images/favicon-32x32-next.png' -> 'C:/jspub/images/favicon-32x32-next.png' (1,806)
2019-06-16 05:20:03: 覆盖复制 'C:/Users/sprat/OneDrive - cug.edu.cn/raydied4.github.io/public/images/loading.gif' -> 'C:/jspub/images/loading.gif' (35)
2019-06-16 05:20:03: 覆盖复制 'C:/Users/sprat/OneDrive - cug.edu.cn/raydied4.github.io/public/images/logo.gif' -> 'C:/jspub/images/logo.gif' (293,254)
2019-06-16 05:20:03: 覆盖复制 'C:/Users/sprat/OneDrive - cug.edu.cn/raydied4.github.io/public/images/logo.svg' -> 'C:/jspub/images/logo.svg' (1,059)
2019-06-16 05:20:03: 覆盖复制 'C:/Users/sprat/OneDrive - cug.edu.cn/raydied4.github.io/public/images/placeholder.gif' -> 'C:/jspub/images/placeholder.gif' (35)
2019-06-16 05:20:03: 覆盖复制 'C:/Users/sprat/OneDrive - cug.edu.cn/raydied4.github.io/public/images/quote-l.svg' -> 'C:/jspub/images/quote-l.svg' (892)
2019-06-16 05:20:03: 覆盖复制 'C:/Users/sprat/OneDrive - cug.edu.cn/raydied4.github.io/public/images/quote-r.svg' -> 'C:/jspub/images/quote-r.svg' (880)
2019-06-16 05:20:03: 覆盖复制 'C:/Users/sprat/OneDrive - cug.edu.cn/raydied4.github.io/public/images/searchicon.png' -> 'C:/jspub/images/searchicon.png' (759)
2019-06-16 05:20:03: 覆盖复制 'C:/Users/sprat/OneDrive - cug.edu.cn/raydied4.github.io/public/images/wechatpay.jpg' -> 'C:/jspub/images/wechatpay.jpg' (62,753)
2019-06-16 05:20:03: 覆盖复制 'C:/Users/sprat/OneDrive - cug.edu.cn/raydied4.github.io/public/index.html' -> 'C:/jspub/index.html' (53,744)
2019-06-16 05:20:03: 覆盖复制 'C:/Users/sprat/OneDrive - cug.edu.cn/raydied4.github.io/public/js/affix.js' -> 'C:/jspub/js/affix.js' (5,100)
2019-06-16 05:20:03: 覆盖复制 'C:/Users/sprat/OneDrive - cug.edu.cn/raydied4.github.io/public/js/algolia-search.js' -> 'C:/jspub/js/algolia-search.js' (3,297)
2019-06-16 05:20:03: 覆盖复制 'C:/Users/sprat/OneDrive - cug.edu.cn/raydied4.github.io/public/js/exturl.js' -> 'C:/jspub/js/exturl.js' (1,846)
2019-06-16 05:20:03: 覆盖复制 'C:/Users/sprat/OneDrive - cug.edu.cn/raydied4.github.io/public/js/js.cookie.js' -> 'C:/jspub/js/js.cookie.js' (3,873)
2019-06-16 05:20:03: 覆盖复制 'C:/Users/sprat/OneDrive - cug.edu.cn/raydied4.github.io/public/js/motion.js' -> 'C:/jspub/js/motion.js' (11,143)
2019-06-16 05:20:03: 覆盖复制 'C:/Users/sprat/OneDrive - cug.edu.cn/raydied4.github.io/public/js/next-boot.js' -> 'C:/jspub/js/next-boot.js' (1,621)
2019-06-16 05:20:03: 覆盖复制 'C:/Users/sprat/OneDrive - cug.edu.cn/raydied4.github.io/public/js/post-details.js' -> 'C:/jspub/js/post-details.js' (3,424)
2019-06-16 05:20:03: 覆盖复制 'C:/Users/sprat/OneDrive - cug.edu.cn/raydied4.github.io/public/js/schemes/muse.js' -> 'C:/jspub/js/schemes/muse.js' (503)
2019-06-16 05:20:03: 覆盖复制 'C:/Users/sprat/OneDrive - cug.edu.cn/raydied4.github.io/public/js/schemes/pisces.js' -> 'C:/jspub/js/schemes/pisces.js' (1,577)
2019-06-16 05:20:03: 覆盖复制 'C:/Users/sprat/OneDrive - cug.edu.cn/raydied4.github.io/public/js/scroll-cookie.js' -> 'C:/jspub/js/scroll-cookie.js' (671)
2019-06-16 05:20:03: 覆盖复制 'C:/Users/sprat/OneDrive - cug.edu.cn/raydied4.github.io/public/js/scrollspy.js' -> 'C:/jspub/js/scrollspy.js' (5,081)
2019-06-16 05:20:03: 覆盖复制 'C:/Users/sprat/OneDrive - cug.edu.cn/raydied4.github.io/public/js/utils.js' -> 'C:/jspub/js/utils.js' (11,082)
2019-06-16 05:20:03: 覆盖复制 'C:/Users/sprat/OneDrive - cug.edu.cn/raydied4.github.io/public/lib/blog-encrypt.js' -> 'C:/jspub/lib/blog-encrypt.js' (2,703)
2019-06-16 05:20:03: 覆盖复制 'C:/Users/sprat/OneDrive - cug.edu.cn/raydied4.github.io/public/lib/bookmark/bookmark.min.js' -> 'C:/jspub/lib/bookmark/bookmark.min.js' (1,742)
2019-06-16 05:20:03: 覆盖复制 'C:/Users/sprat/OneDrive - cug.edu.cn/raydied4.github.io/public/lib/bookmark/index.js' -> 'C:/jspub/lib/bookmark/index.js' (4,039)
2019-06-16 05:20:03: 覆盖复制 'C:/Users/sprat/OneDrive - cug.edu.cn/raydied4.github.io/public/lib/bookmark/LICENSE' -> 'C:/jspub/lib/bookmark/LICENSE' (1,093)
2019-06-16 05:20:03: 覆盖复制 'C:/Users/sprat/OneDrive - cug.edu.cn/raydied4.github.io/public/lib/bookmark/package.json' -> 'C:/jspub/lib/bookmark/package.json' (674)
2019-06-16 05:20:03: 覆盖复制 'C:/Users/sprat/OneDrive - cug.edu.cn/raydied4.github.io/public/lib/bookmark/README.html' -> 'C:/jspub/lib/bookmark/README.html' (2,074)
2019-06-16 05:20:03: 覆盖复制 'C:/Users/sprat/OneDrive - cug.edu.cn/raydied4.github.io/public/lib/crypto-js.js' -> 'C:/jspub/lib/crypto-js.js' (191,936)
2019-06-16 05:20:03: 覆盖复制 'C:/Users/sprat/OneDrive - cug.edu.cn/raydied4.github.io/public/lib/fancybox/LICENSE' -> 'C:/jspub/lib/fancybox/LICENSE' (35,821)
2019-06-16 05:20:03: 覆盖复制 'C:/Users/sprat/OneDrive - cug.edu.cn/raydied4.github.io/public/lib/fancybox/README.html' -> 'C:/jspub/lib/fancybox/README.html' (1,683)
2019-06-16 05:20:03: 覆盖复制 'C:/Users/sprat/OneDrive - cug.edu.cn/raydied4.github.io/public/lib/fancybox/source/jquery.fancybox.css' -> 'C:/jspub/lib/fancybox/source/jquery.fancybox.css' (13,060)
2019-06-16 05:20:03: 覆盖复制 'C:/Users/sprat/OneDrive - cug.edu.cn/raydied4.github.io/public/lib/fancybox/source/jquery.fancybox.min.css' -> 'C:/jspub/lib/fancybox/source/jquery.fancybox.min.css' (12,795)
2019-06-16 05:20:03: 覆盖复制 'C:/Users/sprat/OneDrive - cug.edu.cn/raydied4.github.io/public/lib/fancybox/source/jquery.fancybox.min.js' -> 'C:/jspub/lib/fancybox/source/jquery.fancybox.min.js' (68,253)
2019-06-16 05:20:03: 覆盖复制 'C:/Users/sprat/OneDrive - cug.edu.cn/raydied4.github.io/public/lib/fancybox/source/jquery.fancybox.pack.js' -> 'C:/jspub/lib/fancybox/source/jquery.fancybox.pack.js' (160,667)
2019-06-16 05:20:03: 覆盖复制 'C:/Users/sprat/OneDrive - cug.edu.cn/raydied4.github.io/public/lib/fastclick/bower.json' -> 'C:/jspub/lib/fastclick/bower.json' (127)
2019-06-16 05:20:03: 覆盖复制 'C:/Users/sprat/OneDrive - cug.edu.cn/raydied4.github.io/public/lib/fastclick/lib/fastclick.js' -> 'C:/jspub/lib/fastclick/lib/fastclick.js' (25,999)
2019-06-16 05:20:03: 覆盖复制 'C:/Users/sprat/OneDrive - cug.edu.cn/raydied4.github.io/public/lib/fastclick/lib/fastclick.min.js' -> 'C:/jspub/lib/fastclick/lib/fastclick.min.js' (8,109)
2019-06-16 05:20:03: 覆盖复制 'C:/Users/sprat/OneDrive - cug.edu.cn/raydied4.github.io/public/lib/fastclick/LICENSE' -> 'C:/jspub/lib/fastclick/LICENSE' (1,084)
2019-06-16 05:20:03: 覆盖复制 'C:/Users/sprat/OneDrive - cug.edu.cn/raydied4.github.io/public/lib/fastclick/README.html' -> 'C:/jspub/lib/fastclick/README.html' (1,342)
2019-06-16 05:20:03: 覆盖复制 'C:/Users/sprat/OneDrive - cug.edu.cn/raydied4.github.io/public/lib/font-awesome/bower.json' -> 'C:/jspub/lib/font-awesome/bower.json' (312)
2019-06-16 05:20:03: 覆盖复制 'C:/Users/sprat/OneDrive - cug.edu.cn/raydied4.github.io/public/lib/font-awesome/css/font-awesome.css' -> 'C:/jspub/lib/font-awesome/css/font-awesome.css' (30,961)
2019-06-16 05:20:03: 覆盖复制 'C:/Users/sprat/OneDrive - cug.edu.cn/raydied4.github.io/public/lib/font-awesome/css/font-awesome.css.map' -> 'C:/jspub/lib/font-awesome/css/font-awesome.css.map' (21,785)
2019-06-16 05:20:03: 覆盖复制 'C:/Users/sprat/OneDrive - cug.edu.cn/raydied4.github.io/public/lib/font-awesome/css/font-awesome.min.css' -> 'C:/jspub/lib/font-awesome/css/font-awesome.min.css' (31,000)
2019-06-16 05:20:03: 覆盖复制 'C:/Users/sprat/OneDrive - cug.edu.cn/raydied4.github.io/public/lib/font-awesome/fonts/fontawesome-webfont.eot' -> 'C:/jspub/lib/font-awesome/fonts/fontawesome-webfont.eot' (165,742)
2019-06-16 05:20:03: 覆盖复制 'C:/Users/sprat/OneDrive - cug.edu.cn/raydied4.github.io/public/lib/font-awesome/fonts/fontawesome-webfont.woff' -> 'C:/jspub/lib/font-awesome/fonts/fontawesome-webfont.woff' (98,024)
2019-06-16 05:20:03: 覆盖复制 'C:/Users/sprat/OneDrive - cug.edu.cn/raydied4.github.io/public/lib/font-awesome/fonts/fontawesome-webfont.woff2' -> 'C:/jspub/lib/font-awesome/fonts/fontawesome-webfont.woff2' (77,160)
2019-06-16 05:20:03: 覆盖复制 'C:/Users/sprat/OneDrive - cug.edu.cn/raydied4.github.io/public/lib/font-awesome/HELP-US-OUT.txt' -> 'C:/jspub/lib/font-awesome/HELP-US-OUT.txt' (330)
2019-06-16 05:20:03: 覆盖复制 'C:/Users/sprat/OneDrive - cug.edu.cn/raydied4.github.io/public/lib/han/dist/font/han-space.otf' -> 'C:/jspub/lib/han/dist/font/han-space.otf' (1,748)
2019-06-16 05:20:03: 覆盖复制 'C:/Users/sprat/OneDrive - cug.edu.cn/raydied4.github.io/public/lib/han/dist/font/han-space.woff' -> 'C:/jspub/lib/han/dist/font/han-space.woff' (1,452)
2019-06-16 05:20:03: 覆盖复制 'C:/Users/sprat/OneDrive - cug.edu.cn/raydied4.github.io/public/lib/han/dist/font/han.otf' -> 'C:/jspub/lib/han/dist/font/han.otf' (26,416)
2019-06-16 05:20:03: 覆盖复制 'C:/Users/sprat/OneDrive - cug.edu.cn/raydied4.github.io/public/lib/han/dist/font/han.woff' -> 'C:/jspub/lib/han/dist/font/han.woff' (21,292)
2019-06-16 05:20:03: 覆盖复制 'C:/Users/sprat/OneDrive - cug.edu.cn/raydied4.github.io/public/lib/han/dist/font/han.woff2' -> 'C:/jspub/lib/han/dist/font/han.woff2' (13,644)
2019-06-16 05:20:03: 覆盖复制 'C:/Users/sprat/OneDrive - cug.edu.cn/raydied4.github.io/public/lib/han/dist/han.css' -> 'C:/jspub/lib/han/dist/han.css' (46,153)
2019-06-16 05:20:03: 覆盖复制 'C:/Users/sprat/OneDrive - cug.edu.cn/raydied4.github.io/public/lib/han/dist/han.js' -> 'C:/jspub/lib/han/dist/han.js' (81,752)
2019-06-16 05:20:03: 覆盖复制 'C:/Users/sprat/OneDrive - cug.edu.cn/raydied4.github.io/public/lib/han/dist/han.min.css' -> 'C:/jspub/lib/han/dist/han.min.css' (45,714)
2019-06-16 05:20:03: 覆盖复制 'C:/Users/sprat/OneDrive - cug.edu.cn/raydied4.github.io/public/lib/han/dist/han.min.js' -> 'C:/jspub/lib/han/dist/han.min.js' (36,493)
2019-06-16 05:20:03: 覆盖复制 'C:/Users/sprat/OneDrive - cug.edu.cn/raydied4.github.io/public/lib/han/LICENSE' -> 'C:/jspub/lib/han/LICENSE' (1,084)
2019-06-16 05:20:03: 覆盖复制 'C:/Users/sprat/OneDrive - cug.edu.cn/raydied4.github.io/public/lib/han/README.html' -> 'C:/jspub/lib/han/README.html' (1,294)
2019-06-16 05:20:03: 覆盖复制 'C:/Users/sprat/OneDrive - cug.edu.cn/raydied4.github.io/public/lib/jquery/index.js' -> 'C:/jspub/lib/jquery/index.js' (84,320)
2019-06-16 05:20:03: 覆盖复制 'C:/Users/sprat/OneDrive - cug.edu.cn/raydied4.github.io/public/lib/jquery_lazyload/bower.json' -> 'C:/jspub/lib/jquery_lazyload/bower.json' (436)
2019-06-16 05:20:03: 覆盖复制 'C:/Users/sprat/OneDrive - cug.edu.cn/raydied4.github.io/public/lib/jquery_lazyload/jquery.lazyload.js' -> 'C:/jspub/lib/jquery_lazyload/jquery.lazyload.js' (9,058)
2019-06-16 05:20:03: 覆盖复制 'C:/Users/sprat/OneDrive - cug.edu.cn/raydied4.github.io/public/lib/jquery_lazyload/jquery.scrollstop.js' -> 'C:/jspub/lib/jquery_lazyload/jquery.scrollstop.js' (2,168)
2019-06-16 05:20:03: 覆盖复制 'C:/Users/sprat/OneDrive - cug.edu.cn/raydied4.github.io/public/lib/jquery_lazyload/LICENSE' -> 'C:/jspub/lib/jquery_lazyload/LICENSE' (1,084)
2019-06-16 05:20:03: 覆盖复制 'C:/Users/sprat/OneDrive - cug.edu.cn/raydied4.github.io/public/lib/jquery_lazyload/README.html' -> 'C:/jspub/lib/jquery_lazyload/README.html' (1,372)
2019-06-16 05:20:03: 覆盖复制 'C:/Users/sprat/OneDrive - cug.edu.cn/raydied4.github.io/public/lib/needsharebutton/LICENSE' -> 'C:/jspub/lib/needsharebutton/LICENSE' (1,084)
2019-06-16 05:20:03: 覆盖复制 'C:/Users/sprat/OneDrive - cug.edu.cn/raydied4.github.io/public/lib/needsharebutton/needsharebutton.css' -> 'C:/jspub/lib/needsharebutton/needsharebutton.css' (46,606)
2019-06-16 05:20:03: 覆盖复制 'C:/Users/sprat/OneDrive - cug.edu.cn/raydied4.github.io/public/lib/needsharebutton/needsharebutton.js' -> 'C:/jspub/lib/needsharebutton/needsharebutton.js' (19,386)
2019-06-16 05:20:03: 覆盖复制 'C:/Users/sprat/OneDrive - cug.edu.cn/raydied4.github.io/public/lib/needsharebutton/README.html' -> 'C:/jspub/lib/needsharebutton/README.html' (1,630)
2019-06-16 05:20:03: 覆盖复制 'C:/Users/sprat/OneDrive - cug.edu.cn/raydied4.github.io/public/lib/pangu/dist/pangu.js' -> 'C:/jspub/lib/pangu/dist/pangu.js' (29,045)
2019-06-16 05:20:03: 覆盖复制 'C:/Users/sprat/OneDrive - cug.edu.cn/raydied4.github.io/public/lib/pangu/dist/pangu.min.js' -> 'C:/jspub/lib/pangu/dist/pangu.min.js' (12,577)
2019-06-16 05:20:03: 覆盖复制 'C:/Users/sprat/OneDrive - cug.edu.cn/raydied4.github.io/public/lib/pangu/LICENSE' -> 'C:/jspub/lib/pangu/LICENSE' (1,092)
2019-06-16 05:20:03: 覆盖复制 'C:/Users/sprat/OneDrive - cug.edu.cn/raydied4.github.io/public/lib/pangu/README.html' -> 'C:/jspub/lib/pangu/README.html' (1,327)
2019-06-16 05:20:03: 覆盖复制 'C:/Users/sprat/OneDrive - cug.edu.cn/raydied4.github.io/public/lib/reading_progress/LICENSE' -> 'C:/jspub/lib/reading_progress/LICENSE' (1,084)
2019-06-16 05:20:03: 覆盖复制 'C:/Users/sprat/OneDrive - cug.edu.cn/raydied4.github.io/public/lib/reading_progress/package.json' -> 'C:/jspub/lib/reading_progress/package.json' (639)
2019-06-16 05:20:03: 覆盖复制 'C:/Users/sprat/OneDrive - cug.edu.cn/raydied4.github.io/public/lib/reading_progress/reading_progress.js' -> 'C:/jspub/lib/reading_progress/reading_progress.js' (764)
2019-06-16 05:20:03: 覆盖复制 'C:/Users/sprat/OneDrive - cug.edu.cn/raydied4.github.io/public/lib/reading_progress/reading_progress.min.js' -> 'C:/jspub/lib/reading_progress/reading_progress.min.js' (445)
2019-06-16 05:20:03: 覆盖复制 'C:/Users/sprat/OneDrive - cug.edu.cn/raydied4.github.io/public/lib/reading_progress/README.html' -> 'C:/jspub/lib/reading_progress/README.html' (1,532)
2019-06-16 05:20:03: 覆盖复制 'C:/Users/sprat/OneDrive - cug.edu.cn/raydied4.github.io/public/lib/velocity/velocity.js' -> 'C:/jspub/lib/velocity/velocity.js' (213,757)
2019-06-16 05:20:03: 覆盖复制 'C:/Users/sprat/OneDrive - cug.edu.cn/raydied4.github.io/public/lib/velocity/velocity.min.js' -> 'C:/jspub/lib/velocity/velocity.min.js' (34,856)
2019-06-16 05:20:03: 覆盖复制 'C:/Users/sprat/OneDrive - cug.edu.cn/raydied4.github.io/public/lib/velocity/velocity.ui.js' -> 'C:/jspub/lib/velocity/velocity.ui.js' (34,762)
2019-06-16 05:20:03: 覆盖复制 'C:/Users/sprat/OneDrive - cug.edu.cn/raydied4.github.io/public/lib/velocity/velocity.ui.min.js' -> 'C:/jspub/lib/velocity/velocity.ui.min.js' (13,257)
2019-06-16 05:20:03: 覆盖复制 'C:/Users/sprat/OneDrive - cug.edu.cn/raydied4.github.io/public/memory/VBA/VBA.html' -> 'C:/jspub/memory/VBA/VBA.html' (2,138,507)
2019-06-16 05:20:03: 覆盖复制 'C:/Users/sprat/OneDrive - cug.edu.cn/raydied4.github.io/public/page/2/index.html' -> 'C:/jspub/page/2/index.html' (51,827)
2019-06-16 05:20:03: 覆盖复制 'C:/Users/sprat/OneDrive - cug.edu.cn/raydied4.github.io/public/page/3/index.html' -> 'C:/jspub/page/3/index.html' (53,536)
2019-06-16 05:20:03: 新建复制 'C:/Users/sprat/OneDrive - cug.edu.cn/raydied4.github.io/public/page/4/index.html' -> 'C:/jspub/page/4/index.html' (31,264)
2019-06-16 05:20:03: 新建复制 'C:/Users/sprat/OneDrive - cug.edu.cn/raydied4.github.io/public/pdf/BIM_hpl.pdf' -> 'C:/jspub/pdf/BIM_hpl.pdf' (468,285)
2019-06-16 05:20:03: 覆盖复制 'C:/Users/sprat/OneDrive - cug.edu.cn/raydied4.github.io/public/robots.txt' -> 'C:/jspub/robots.txt' (294)
2019-06-16 05:20:03: 覆盖复制 'C:/Users/sprat/OneDrive - cug.edu.cn/raydied4.github.io/public/schedule/index.html' -> 'C:/jspub/schedule/index.html' (27,130)
2019-06-16 05:20:03: 覆盖复制 'C:/Users/sprat/OneDrive - cug.edu.cn/raydied4.github.io/public/schedule/index.html.bk' -> 'C:/jspub/schedule/index.html.bk' (4,735)
2019-06-16 05:20:03: 覆盖复制 'C:/Users/sprat/OneDrive - cug.edu.cn/raydied4.github.io/public/search.xml' -> 'C:/jspub/search.xml' (62,076)
2019-06-16 05:20:03: 覆盖复制 'C:/Users/sprat/OneDrive - cug.edu.cn/raydied4.github.io/public/sitemap.xml' -> 'C:/jspub/sitemap.xml' (4,331)
2019-06-16 05:20:03: 覆盖复制 'C:/Users/sprat/OneDrive - cug.edu.cn/raydied4.github.io/public/software/index.html' -> 'C:/jspub/software/index.html' (31,900)
2019-06-16 05:20:03: 覆盖复制 'C:/Users/sprat/OneDrive - cug.edu.cn/raydied4.github.io/public/tags/iCdn/index.html' -> 'C:/jspub/tags/iCdn/index.html' (27,038)
2019-06-16 05:20:03: 覆盖复制 'C:/Users/sprat/OneDrive - cug.edu.cn/raydied4.github.io/public/tags/iFinance/index.html' -> 'C:/jspub/tags/iFinance/index.html' (27,027)
2019-06-16 05:20:03: 覆盖复制 'C:/Users/sprat/OneDrive - cug.edu.cn/raydied4.github.io/public/tags/iHexo/index.html' -> 'C:/jspub/tags/iHexo/index.html' (29,571)
2019-06-16 05:20:03: 覆盖复制 'C:/Users/sprat/OneDrive - cug.edu.cn/raydied4.github.io/public/tags/iHexo/page/2/index.html' -> 'C:/jspub/tags/iHexo/page/2/index.html' (29,015)
2019-06-16 05:20:03: 覆盖复制 'C:/Users/sprat/OneDrive - cug.edu.cn/raydied4.github.io/public/tags/index.html' -> 'C:/jspub/tags/index.html' (27,519)
2019-06-16 05:20:03: 覆盖复制 'C:/Users/sprat/OneDrive - cug.edu.cn/raydied4.github.io/public/tags/iPlug/index.html' -> 'C:/jspub/tags/iPlug/index.html' (28,856)
2019-06-16 05:20:03: 覆盖复制 'C:/Users/sprat/OneDrive - cug.edu.cn/raydied4.github.io/public/tags/iProse/index.html' -> 'C:/jspub/tags/iProse/index.html' (27,874)
2019-06-16 05:20:03: 覆盖复制 'C:/Users/sprat/OneDrive - cug.edu.cn/raydied4.github.io/public/tags/iPs/index.html' -> 'C:/jspub/tags/iPs/index.html' (27,014)
2019-06-16 05:20:03: 覆盖复制 'C:/Users/sprat/OneDrive - cug.edu.cn/raydied4.github.io/public/tags/iTech/index.html' -> 'C:/jspub/tags/iTech/index.html' (28,376)
2019-06-16 05:20:03: 覆盖复制 'C:/Users/sprat/OneDrive - cug.edu.cn/raydied4.github.io/public/tags/iVba/index.html' -> 'C:/jspub/tags/iVba/index.html' (27,009)
2019-06-16 05:20:03: 覆盖复制 'C:/Users/sprat/OneDrive - cug.edu.cn/raydied4.github.io/public/talking/css/normalize.css' -> 'C:/jspub/talking/css/normalize.css' (1,981)
2019-06-16 05:20:03: 覆盖复制 'C:/Users/sprat/OneDrive - cug.edu.cn/raydied4.github.io/public/talking/css/style1.css' -> 'C:/jspub/talking/css/style1.css' (2,275)
2019-06-16 05:20:03: 覆盖复制 'C:/Users/sprat/OneDrive - cug.edu.cn/raydied4.github.io/public/talking/index.html' -> 'C:/jspub/talking/index.html' (1,242)
2019-06-16 05:20:03: 覆盖复制 'C:/Users/sprat/OneDrive - cug.edu.cn/raydied4.github.io/public/talking/js/html5shiv.min.js' -> 'C:/jspub/talking/js/html5shiv.min.js' (2,798)
2019-06-16 05:20:03: 覆盖复制 'C:/Users/sprat/OneDrive - cug.edu.cn/raydied4.github.io/public/words/index.html' -> 'C:/jspub/words/index.html' (120,031)
2019-06-16 05:20:03: 覆盖复制 'C:/Users/sprat/OneDrive - cug.edu.cn/raydied4.github.io/public/Writing/acknowledgement/index.html' -> 'C:/jspub/Writing/acknowledgement/index.html' (35,101)
2019-06-16 05:20:03: 覆盖复制 'C:/Users/sprat/OneDrive - cug.edu.cn/raydied4.github.io/public/Writing/travel/index.html' -> 'C:/jspub/Writing/travel/index.html' (34,421)
2019-06-16 05:20:03: 覆盖复制 'C:/Users/sprat/OneDrive - cug.edu.cn/raydied4.github.io/public/Writing/vanity/index.html' -> 'C:/jspub/Writing/vanity/index.html' (62,568)
2019-06-16 05:20:03: == 同步完成. 历时: 00:00:01, 速度: 19.7 MB/s, 完成: 297, 错误: 0
2019-06-16 05:20:03: 
